<?xml version="1.0" encoding="UTF-8"?>
<!-- Generated by org.testng.reporters.JUnitXMLReporter -->
<testsuite hostname="DESKTOP-NIJC6J2" ignored="0" name="Default test" tests="3" failures="0" timestamp="13 Dec 2019 06:08:42 GMT" time="3.03" errors="0">
  <testcase name="@BeforeTest chromelaunch" time="2.952" classname="testcase.AutocompleteTC">
    <failure type="org.openqa.selenium.SessionNotCreatedException" message="session not created: This version of ChromeDriver only supports Chrome version 77
Build info: version: &amp;apos;3.14.0&amp;apos;, revision: &amp;apos;aacccce0&amp;apos;, time: &amp;apos;2018-08-02T20:19:58.91Z&amp;apos;
System info: host: &amp;apos;DESKTOP-NIJC6J2&amp;apos;, ip: &amp;apos;192.168.0.112&amp;apos;, os.name: &amp;apos;Windows 10&amp;apos;, os.arch: &amp;apos;amd64&amp;apos;, os.version: &amp;apos;10.0&amp;apos;, java.version: &amp;apos;1.8.0_221&amp;apos;
Driver info: driver.version: ChromeDriver
remote stacktrace: Backtrace:
	Ordinal0 [0x0029EB13+1501971]
	Ordinal0 [0x0021F6D1+980689]
	Ordinal0 [0x001A765F+489055]
	Ordinal0 [0x0013F2F4+62196]
	Ordinal0 [0x0013BCDA+48346]
	Ordinal0 [0x00159800+169984]
	Ordinal0 [0x0015942D+169005]
	Ordinal0 [0x001578EB+162027]
	Ordinal0 [0x00140AC7+68295]
	Ordinal0 [0x00141B40+72512]
	Ordinal0 [0x00141AD9+72409]
	Ordinal0 [0x00238F37+1085239]
	GetHandleVerifier [0x0033D7ED+503293]
	GetHandleVerifier [0x0033D580+502672]
	GetHandleVerifier [0x003446AC+531644]
	GetHandleVerifier [0x0033DFFA+505354]
	Ordinal0 [0x00230606+1050118]
	Ordinal0 [0x0023047F+1049727]
	Ordinal0 [0x0023AF9B+1093531]
	Ordinal0 [0x0023B103+1093891]
	Ordinal0 [0x0023A095+1089685]
	BaseThreadInitThunk [0x75906359+25]
	RtlGetAppContainerNamedObjectPath [0x77957B74+228]
	RtlGetAppContainerNamedObjectPath [0x77957B44+180]
">
      <![CDATA[org.openqa.selenium.SessionNotCreatedException: session not created: This version of ChromeDriver only supports Chrome version 77
Build info: version: '3.14.0', revision: 'aacccce0', time: '2018-08-02T20:19:58.91Z'
System info: host: 'DESKTOP-NIJC6J2', ip: '192.168.0.112', os.name: 'Windows 10', os.arch: 'amd64', os.version: '10.0', java.version: '1.8.0_221'
Driver info: driver.version: ChromeDriver
remote stacktrace: Backtrace:
Ordinal0 [0x0029EB13+1501971]
Ordinal0 [0x0021F6D1+980689]
Ordinal0 [0x001A765F+489055]
Ordinal0 [0x0013F2F4+62196]
Ordinal0 [0x0013BCDA+48346]
Ordinal0 [0x00159800+169984]
Ordinal0 [0x0015942D+169005]
Ordinal0 [0x001578EB+162027]
Ordinal0 [0x00140AC7+68295]
Ordinal0 [0x00141B40+72512]
Ordinal0 [0x00141AD9+72409]
Ordinal0 [0x00238F37+1085239]
GetHandleVerifier [0x0033D7ED+503293]
GetHandleVerifier [0x0033D580+502672]
GetHandleVerifier [0x003446AC+531644]
GetHandleVerifier [0x0033DFFA+505354]
Ordinal0 [0x00230606+1050118]
Ordinal0 [0x0023047F+1049727]
Ordinal0 [0x0023AF9B+1093531]
Ordinal0 [0x0023B103+1093891]
Ordinal0 [0x0023A095+1089685]
BaseThreadInitThunk [0x75906359+25]
RtlGetAppContainerNamedObjectPath [0x77957B74+228]
RtlGetAppContainerNamedObjectPath [0x77957B44+180]

at sun.reflect.NativeConstructorAccessorImpl.newInstance0(Native Method)
at sun.reflect.NativeConstructorAccessorImpl.newInstance(Unknown Source)
at sun.reflect.DelegatingConstructorAccessorImpl.newInstance(Unknown Source)
at java.lang.reflect.Constructor.newInstance(Unknown Source)
at org.openqa.selenium.remote.W3CHandshakeResponse.lambda$new$0(W3CHandshakeResponse.java:57)
at org.openqa.selenium.remote.W3CHandshakeResponse.lambda$getResponseFunction$2(W3CHandshakeResponse.java:104)
at org.openqa.selenium.remote.ProtocolHandshake.lambda$createSession$0(ProtocolHandshake.java:122)
at java.util.stream.ReferencePipeline$3$1.accept(Unknown Source)
at java.util.Spliterators$ArraySpliterator.tryAdvance(Unknown Source)
at java.util.stream.ReferencePipeline.forEachWithCancel(Unknown Source)
at java.util.stream.AbstractPipeline.copyIntoWithCancel(Unknown Source)
at java.util.stream.AbstractPipeline.copyInto(Unknown Source)
at java.util.stream.AbstractPipeline.wrapAndCopyInto(Unknown Source)
at java.util.stream.FindOps$FindOp.evaluateSequential(Unknown Source)
at java.util.stream.AbstractPipeline.evaluate(Unknown Source)
at java.util.stream.ReferencePipeline.findFirst(Unknown Source)
at org.openqa.selenium.remote.ProtocolHandshake.createSession(ProtocolHandshake.java:125)
at org.openqa.selenium.remote.ProtocolHandshake.createSession(ProtocolHandshake.java:73)
at org.openqa.selenium.remote.HttpCommandExecutor.execute(HttpCommandExecutor.java:136)
at org.openqa.selenium.remote.service.DriverCommandExecutor.execute(DriverCommandExecutor.java:83)
at org.openqa.selenium.remote.RemoteWebDriver.execute(RemoteWebDriver.java:548)
at org.openqa.selenium.remote.RemoteWebDriver.startSession(RemoteWebDriver.java:212)
at org.openqa.selenium.remote.RemoteWebDriver.<init>(RemoteWebDriver.java:130)
at org.openqa.selenium.chrome.ChromeDriver.<init>(ChromeDriver.java:181)
at org.openqa.selenium.chrome.ChromeDriver.<init>(ChromeDriver.java:168)
at org.openqa.selenium.chrome.ChromeDriver.<init>(ChromeDriver.java:123)
at initializer.Initializer.browserlaunch(Initializer.java:54)
at testcase.AutocompleteTC.chromelaunch(AutocompleteTC.java:30)
at sun.reflect.NativeMethodAccessorImpl.invoke0(Native Method)
at sun.reflect.NativeMethodAccessorImpl.invoke(Unknown Source)
at sun.reflect.DelegatingMethodAccessorImpl.invoke(Unknown Source)
at java.lang.reflect.Method.invoke(Unknown Source)
at org.testng.internal.MethodInvocationHelper.invokeMethod(MethodInvocationHelper.java:124)
at org.testng.internal.MethodInvocationHelper.invokeMethodConsideringTimeout(MethodInvocationHelper.java:59)
at org.testng.internal.Invoker.invokeConfigurationMethod(Invoker.java:458)
at org.testng.internal.Invoker.invokeConfigurations(Invoker.java:222)
at org.testng.internal.Invoker.invokeConfigurations(Invoker.java:142)
at org.testng.TestRunner.beforeRun(TestRunner.java:529)
at org.testng.TestRunner.run(TestRunner.java:497)
at org.testng.SuiteRunner.runTest(SuiteRunner.java:455)
at org.testng.SuiteRunner.runSequentially(SuiteRunner.java:450)
at org.testng.SuiteRunner.privateRun(SuiteRunner.java:415)
at org.testng.SuiteRunner.run(SuiteRunner.java:364)
at org.testng.SuiteRunnerWorker.runSuite(SuiteRunnerWorker.java:52)
at org.testng.SuiteRunnerWorker.run(SuiteRunnerWorker.java:84)
at org.testng.TestNG.runSuitesSequentially(TestNG.java:1208)
at org.testng.TestNG.runSuitesLocally(TestNG.java:1137)
at org.testng.TestNG.runSuites(TestNG.java:1049)
at org.testng.TestNG.run(TestNG.java:1017)
at org.testng.remote.AbstractRemoteTestNG.run(AbstractRemoteTestNG.java:115)
at org.testng.remote.RemoteTestNG.initAndRun(RemoteTestNG.java:251)
at org.testng.remote.RemoteTestNG.main(RemoteTestNG.java:77)
]]>
    </failure>
  </testcase> <!-- @BeforeTest chromelaunch -->
  <testcase name="@AfterTest teardown" time="0.0" classname="testcase.AutocompleteTC">
    <skipped/>
  </testcase> <!-- @AfterTest teardown -->
  <testcase name="frameswitch" time="0.0" classname="testcase.AutocompleteTC">
    <skipped/>
  </testcase> <!-- frameswitch -->
  <testcase name="sendkeysvariable" time="0.0" classname="testcase.AutocompleteTC">
    <skipped/>
  </testcase> <!-- sendkeysvariable -->
  <testcase name="listofelements" time="0.0" classname="testcase.AutocompleteTC">
    <skipped/>
  </testcase> <!-- listofelements -->
</testsuite> <!-- Default test -->
