<?xml version="1.0" encoding="UTF-8"?>
<!-- Generated by org.testng.reporters.JUnitReportReporter -->
<testsuite skipped="3" hostname="MugeshML" name="TestNG.DataProvider" tests="4" failures="0" timestamp="25 Nov 2019 05:33:14 GMT" time="18.790" errors="1">
  <testcase name="getinto" time="0.000" classname="TestNG.DataProvider">
    <skipped/>
  </testcase> <!-- getinto -->
  <testcase name="getinto" time="0.000" classname="TestNG.DataProvider">
    <skipped/>
  </testcase> <!-- getinto -->
  <testcase name="launch" time="18.790" classname="TestNG.DataProvider">
    <error type="org.openqa.selenium.SessionNotCreatedException" message="session not created
from chrome not reachable
  (Session info: chrome=78.0.3904.108)
Build info: version: &#039;3.141.59&#039;, revision: &#039;e82be7d358&#039;, time: &#039;2018-11-14T08:25:53&#039;
System info: host: &#039;MUGESHML&#039;, ip: &#039;192.168.0.107&#039;, os.name: &#039;Windows 10&#039;, os.arch: &#039;amd64&#039;, os.version: &#039;10.0&#039;, java.version: &#039;1.8.0_221&#039;
Driver info: driver.version: ChromeDriver
remote stacktrace: Backtrace:
	Ordinal0 [0x00F6EB13+1501971]
	Ordinal0 [0x00EEF6D1+980689]
	Ordinal0 [0x00E77508+488712]
	Ordinal0 [0x00E7131A+463642]
	Ordinal0 [0x00E719C8+465352]
	Ordinal0 [0x00E72AA5+469669]
	Ordinal0 [0x00E6EC85+453765]
	Ordinal0 [0x00E78330+492336]
	Ordinal0 [0x00E2A108+172296]
	Ordinal0 [0x00E2942D+169005]
	Ordinal0 [0x00E278EB+162027]
	Ordinal0 [0x00E10AC7+68295]
	Ordinal0 [0x00E11B40+72512]
	Ordinal0 [0x00E11AD9+72409]
	Ordinal0 [0x00F08F37+1085239]
	GetHandleVerifier [0x0100D7ED+503293]
	GetHandleVerifier [0x0100D580+502672]
	GetHandleVerifier [0x010146AC+531644]
	GetHandleVerifier [0x0100DFFA+505354]
	Ordinal0 [0x00F00606+1050118]
	Ordinal0 [0x00F0047F+1049727]
	Ordinal0 [0x00F0AF9B+1093531]
	Ordinal0 [0x00F0B103+1093891]
	Ordinal0 [0x00F0A095+1089685]
	BaseThreadInitThunk [0x76F66359+25]
	RtlGetAppContainerNamedObjectPath [0x77DE7B74+228]
	RtlGetAppContainerNamedObjectPath [0x77DE7B44+180]
">
      <![CDATA[org.openqa.selenium.SessionNotCreatedException: session not created
from chrome not reachable
  (Session info: chrome=78.0.3904.108)
Build info: version: '3.141.59', revision: 'e82be7d358', time: '2018-11-14T08:25:53'
System info: host: 'MUGESHML', ip: '192.168.0.107', os.name: 'Windows 10', os.arch: 'amd64', os.version: '10.0', java.version: '1.8.0_221'
Driver info: driver.version: ChromeDriver
remote stacktrace: Backtrace:
Ordinal0 [0x00F6EB13+1501971]
Ordinal0 [0x00EEF6D1+980689]
Ordinal0 [0x00E77508+488712]
Ordinal0 [0x00E7131A+463642]
Ordinal0 [0x00E719C8+465352]
Ordinal0 [0x00E72AA5+469669]
Ordinal0 [0x00E6EC85+453765]
Ordinal0 [0x00E78330+492336]
Ordinal0 [0x00E2A108+172296]
Ordinal0 [0x00E2942D+169005]
Ordinal0 [0x00E278EB+162027]
Ordinal0 [0x00E10AC7+68295]
Ordinal0 [0x00E11B40+72512]
Ordinal0 [0x00E11AD9+72409]
Ordinal0 [0x00F08F37+1085239]
GetHandleVerifier [0x0100D7ED+503293]
GetHandleVerifier [0x0100D580+502672]
GetHandleVerifier [0x010146AC+531644]
GetHandleVerifier [0x0100DFFA+505354]
Ordinal0 [0x00F00606+1050118]
Ordinal0 [0x00F0047F+1049727]
Ordinal0 [0x00F0AF9B+1093531]
Ordinal0 [0x00F0B103+1093891]
Ordinal0 [0x00F0A095+1089685]
BaseThreadInitThunk [0x76F66359+25]
RtlGetAppContainerNamedObjectPath [0x77DE7B74+228]
RtlGetAppContainerNamedObjectPath [0x77DE7B44+180]

at sun.reflect.NativeConstructorAccessorImpl.newInstance0(Native Method)
at sun.reflect.NativeConstructorAccessorImpl.newInstance(Unknown Source)
at sun.reflect.DelegatingConstructorAccessorImpl.newInstance(Unknown Source)
at java.lang.reflect.Constructor.newInstance(Unknown Source)
at org.openqa.selenium.remote.W3CHandshakeResponse.lambda$errorHandler$0(W3CHandshakeResponse.java:62)
at org.openqa.selenium.remote.HandshakeResponse.lambda$getResponseFunction$0(HandshakeResponse.java:30)
at org.openqa.selenium.remote.ProtocolHandshake.lambda$createSession$0(ProtocolHandshake.java:126)
at java.util.stream.ReferencePipeline$3$1.accept(Unknown Source)
at java.util.Spliterators$ArraySpliterator.tryAdvance(Unknown Source)
at java.util.stream.ReferencePipeline.forEachWithCancel(Unknown Source)
at java.util.stream.AbstractPipeline.copyIntoWithCancel(Unknown Source)
at java.util.stream.AbstractPipeline.copyInto(Unknown Source)
at java.util.stream.AbstractPipeline.wrapAndCopyInto(Unknown Source)
at java.util.stream.FindOps$FindOp.evaluateSequential(Unknown Source)
at java.util.stream.AbstractPipeline.evaluate(Unknown Source)
at java.util.stream.ReferencePipeline.findFirst(Unknown Source)
at org.openqa.selenium.remote.ProtocolHandshake.createSession(ProtocolHandshake.java:128)
at org.openqa.selenium.remote.ProtocolHandshake.createSession(ProtocolHandshake.java:74)
at org.openqa.selenium.remote.HttpCommandExecutor.execute(HttpCommandExecutor.java:136)
at org.openqa.selenium.remote.service.DriverCommandExecutor.execute(DriverCommandExecutor.java:83)
at org.openqa.selenium.remote.RemoteWebDriver.execute(RemoteWebDriver.java:552)
at org.openqa.selenium.remote.RemoteWebDriver.startSession(RemoteWebDriver.java:213)
at org.openqa.selenium.remote.RemoteWebDriver.<init>(RemoteWebDriver.java:131)
at org.openqa.selenium.chrome.ChromeDriver.<init>(ChromeDriver.java:181)
at org.openqa.selenium.chrome.ChromeDriver.<init>(ChromeDriver.java:168)
at org.openqa.selenium.chrome.ChromeDriver.<init>(ChromeDriver.java:123)
at TestNG.DataProvider.launch(DataProvider.java:21)
at sun.reflect.NativeMethodAccessorImpl.invoke0(Native Method)
at sun.reflect.NativeMethodAccessorImpl.invoke(Unknown Source)
at sun.reflect.DelegatingMethodAccessorImpl.invoke(Unknown Source)
at java.lang.reflect.Method.invoke(Unknown Source)
at org.testng.internal.MethodInvocationHelper.invokeMethod(MethodInvocationHelper.java:124)
at org.testng.internal.MethodInvocationHelper.invokeMethodConsideringTimeout(MethodInvocationHelper.java:59)
at org.testng.internal.Invoker.invokeConfigurationMethod(Invoker.java:458)
at org.testng.internal.Invoker.invokeConfigurations(Invoker.java:222)
at org.testng.internal.Invoker.invokeMethod(Invoker.java:523)
at org.testng.internal.Invoker.invokeTestMethod(Invoker.java:719)
at org.testng.internal.Invoker.invokeTestMethods(Invoker.java:989)
at org.testng.internal.TestMethodWorker.invokeTestMethods(TestMethodWorker.java:125)
at org.testng.internal.TestMethodWorker.run(TestMethodWorker.java:109)
at org.testng.TestRunner.privateRun(TestRunner.java:648)
at org.testng.TestRunner.run(TestRunner.java:505)
at org.testng.SuiteRunner.runTest(SuiteRunner.java:455)
at org.testng.SuiteRunner.runSequentially(SuiteRunner.java:450)
at org.testng.SuiteRunner.privateRun(SuiteRunner.java:415)
at org.testng.SuiteRunner.run(SuiteRunner.java:364)
at org.testng.SuiteRunnerWorker.runSuite(SuiteRunnerWorker.java:52)
at org.testng.SuiteRunnerWorker.run(SuiteRunnerWorker.java:84)
at org.testng.TestNG.runSuitesSequentially(TestNG.java:1208)
at org.testng.TestNG.runSuitesLocally(TestNG.java:1137)
at org.testng.TestNG.runSuites(TestNG.java:1049)
at org.testng.TestNG.run(TestNG.java:1017)
at org.testng.remote.AbstractRemoteTestNG.run(AbstractRemoteTestNG.java:114)
at org.testng.remote.RemoteTestNG.initAndRun(RemoteTestNG.java:251)
at org.testng.remote.RemoteTestNG.main(RemoteTestNG.java:77)
]]>
    </error>
  </testcase> <!-- launch -->
  <testcase name="getinto" time="0.000" classname="TestNG.DataProvider">
    <skipped/>
  </testcase> <!-- getinto -->
</testsuite> <!-- TestNG.DataProvider -->
